<?xml version="1.0" encoding="UTF-8"?>
<robot generator="Robot 4.1.2 (Python 3.10.0 on win32)" generated="20211124 14:09:06.318" rpa="false" schemaversion="2">
<suite id="s1" name="Operations" source="C:\Users\ehabj\OneDrive\Desktop\Work\7Peaks\Automation\Sekal\Cloud_Platform\operations.robot">
<kw name="Launch browser" library="Resources" type="SETUP">
<arg>${url}</arg>
<kw name="Run Keyword If" library="BuiltIn">
<arg>'${chromeProfile}'!= '' and '${Browser}'=='Chrome'</arg>
<arg>Open Browser</arg>
<arg>${url}</arg>
<arg>${Browser}</arg>
<arg>options= add_argument("test-type"); add_argument("--js-flags=--expose-gc"); add_argument("--enable-precise-memory-info"); add_argument("--disable-popup-blocking"); add_argument("--disable-default-apps"); add_argument("--enable-automation"); add_argument("disable-extensions"); add_argument("user-data-dir=${chromeProfile}")</arg>
<doc>Runs the given keyword with the given arguments, if ``condition`` is true.</doc>
<kw name="Open Browser" library="SeleniumLibrary">
<arg>${url}</arg>
<arg>${Browser}</arg>
<arg>options= add_argument("test-type"); add_argument("--js-flags=--expose-gc"); add_argument("--enable-precise-memory-info"); add_argument("--disable-popup-blocking"); add_argument("--disable-default-apps"); add_argument("--enable-automation"); add_argument("disable-extensions"); add_argument("user-data-dir=${chromeProfile}")</arg>
<doc>Opens a new browser instance to the optional ``url``.</doc>
<msg timestamp="20211124 14:09:06.474" level="INFO">Opening browser 'Chrome' to base url 'https://sekal-director-dev.azureedge.net/'.</msg>
<status status="PASS" starttime="20211124 14:09:06.466" endtime="20211124 14:09:22.429"/>
</kw>
<status status="PASS" starttime="20211124 14:09:06.466" endtime="20211124 14:09:22.429"/>
</kw>
<kw name="Run Keyword If" library="BuiltIn">
<arg>'${chromeProfile}'== '' and '${Browser}'=='Chrome'</arg>
<arg>Open Browser</arg>
<arg>${url}</arg>
<arg>${Browser}</arg>
<arg>options= add_argument("test-type"); add_argument("--js-flags=--expose-gc"); add_argument("--enable-precise-memory-info"); add_argument("--disable-popup-blocking"); add_argument("--disable-default-apps"); add_argument("--enable-automation"); add_argument("disable-extensions");</arg>
<doc>Runs the given keyword with the given arguments, if ``condition`` is true.</doc>
<status status="PASS" starttime="20211124 14:09:22.429" endtime="20211124 14:09:22.429"/>
</kw>
<status status="PASS" starttime="20211124 14:09:06.466" endtime="20211124 14:09:22.429"/>
</kw>
<test id="s1-t1" name="Title">
<kw name="Title Should Be" library="SeleniumLibrary">
<arg>Login Page</arg>
<doc>Verifies that the current page title equals ``title``.</doc>
<kw name="Capture Page Screenshot" library="SeleniumLibrary">
<doc>Takes a screenshot of the current page and embeds it into a log file.</doc>
<msg timestamp="20211124 14:09:22.548" level="INFO" html="true">&lt;/td&gt;&lt;/tr&gt;&lt;tr&gt;&lt;td colspan="3"&gt;&lt;a href="selenium-screenshot-1.png"&gt;&lt;img src="selenium-screenshot-1.png" width="800px"&gt;&lt;/a&gt;</msg>
<status status="PASS" starttime="20211124 14:09:22.438" endtime="20211124 14:09:22.548"/>
</kw>
<msg timestamp="20211124 14:09:22.557" level="FAIL">Title should have been 'Login Page' but was 'Sekal Director'.</msg>
<status status="FAIL" starttime="20211124 14:09:22.429" endtime="20211124 14:09:22.557"/>
</kw>
<status status="FAIL" starttime="20211124 14:09:22.429" endtime="20211124 14:09:22.557">Title should have been 'Login Page' but was 'Sekal Director'.</status>
</test>
<kw name="Cleanup" library="Resources" type="TEARDOWN">
<kw name="Close Browser" library="SeleniumLibrary">
<doc>Closes the current browser.</doc>
<status status="PASS" starttime="20211124 14:09:22.557" endtime="20211124 14:09:24.741"/>
</kw>
<status status="PASS" starttime="20211124 14:09:22.557" endtime="20211124 14:09:24.741"/>
</kw>
<doc>Smoke Test</doc>
<status status="FAIL" starttime="20211124 14:09:06.318" endtime="20211124 14:09:24.741"/>
</suite>
<statistics>
<total>
<stat pass="0" fail="1" skip="0">All Tests</stat>
</total>
<tag>
</tag>
<suite>
<stat pass="0" fail="1" skip="0" id="s1" name="Operations">Operations</stat>
</suite>
</statistics>
<errors>
<msg timestamp="20211124 14:09:06.466" level="WARN">Imported library 'C:\Users\ehabj\OneDrive\Desktop\Work\7Peaks\Automation\Common\Web\WebUtil.py' contains no keywords.</msg>
</errors>
</robot>
